<?xml version="1.0" encoding="UTF-8"?>
<!-- Generated by org.testng.reporters.JUnitReportReporter -->
<testsuite hostname="DESKTOP-5KB58OA" failures="0" tests="1" name="day3.PathAndQueryParameters" time="5.000" errors="0" timestamp="2024-10-08T21:07:08 IST" skipped="0">
  <testcase classname="day3.PathAndQueryParameters" name="testQueryAndPathParameters" time="5.000"/>
</testsuite> <!-- day3.PathAndQueryParameters -->
