<?xml version="1.0" encoding="UTF-8"?>
<!-- Generated by org.testng.reporters.JUnitReportReporter -->
<testsuite hostname="DESKTOP-5KB58OA" failures="0" tests="4" name="day1.HttpRequests" time="5.418" errors="0" timestamp="2024-10-09T10:25:03 IST" skipped="0">
  <testcase classname="day1.HttpRequests" name="getUsers" time="2.888"/>
  <testcase classname="day1.HttpRequests" name="createUser" time="1.061"/>
  <testcase classname="day1.HttpRequests" name="updateUser" time="0.535"/>
  <testcase classname="day1.HttpRequests" name="deleteUser" time="0.934"/>
</testsuite> <!-- day1.HttpRequests -->
