<?xml version="1.0" encoding="UTF-8"?>
<!-- Generated by org.testng.reporters.JUnitReportReporter -->
<testsuite hostname="DESKTOP-5KB58OA" failures="0" tests="2" name="day2.DiffWaysToCreatePostRequestBody" time="3.499" errors="0" timestamp="2024-10-08T17:00:14 IST" skipped="0">
  <testcase classname="day2.DiffWaysToCreatePostRequestBody" name="testPostusingExternalJsonFile" time="2.949"/>
  <testcase classname="day2.DiffWaysToCreatePostRequestBody" name="testDelete" time="0.550"/>
</testsuite> <!-- day2.DiffWaysToCreatePostRequestBody -->
