<?xml version="1.0" encoding="UTF-8"?>
<!-- Generated by org.testng.reporters.JUnitReportReporter -->
<testsuite hostname="DESKTOP-5KB58OA" failures="0" tests="1" name="day3.CookiesDemo" time="3.409" errors="0" timestamp="2024-10-08T19:30:54 IST" skipped="0">
  <testcase classname="day3.CookiesDemo" name="getCookiesInfo" time="3.409"/>
</testsuite> <!-- day3.CookiesDemo -->
