<?xml version="1.0" encoding="UTF-8"?>
<!-- Generated by org.testng.reporters.JUnitReportReporter -->
<testsuite hostname="DESKTOP-5KB58OA" failures="0" tests="1" name="day6.SerilizationDeserilization" time="0.270" errors="0" timestamp="2024-10-09T18:54:04 IST" skipped="0">
  <testcase classname="day6.SerilizationDeserilization" name="convertJson2Pojo" time="0.270"/>
</testsuite> <!-- day6.SerilizationDeserilization -->
