<?xml version="1.0" encoding="UTF-8"?>
<!-- Generated by org.testng.reporters.JUnitReportReporter -->
<testsuite hostname="DESKTOP-5KB58OA" failures="0" tests="1" name="day5.ParsingXMLResponse" time="4.168" errors="0" timestamp="2024-10-09T13:27:01 IST" skipped="0">
  <testcase classname="day5.ParsingXMLResponse" name="testXMLResponseBody" time="4.168"/>
</testsuite> <!-- day5.ParsingXMLResponse -->
