<?xml version="1.0" encoding="UTF-8"?>
<!-- Generated by org.testng.reporters.JUnitReportReporter -->
<testsuite hostname="DESKTOP-5KB58OA" failures="0" tests="1" name="day6.JSONSchemaValidation" time="3.155" errors="0" timestamp="2024-10-09T16:18:15 IST" skipped="0">
  <testcase classname="day6.JSONSchemaValidation" name="jsonschemavalidation" time="3.155"/>
</testsuite> <!-- day6.JSONSchemaValidation -->
