<?xml version="1.0" encoding="UTF-8"?>
<!-- Generated by org.testng.reporters.JUnitReportReporter -->
<testsuite hostname="DESKTOP-5KB58OA" failures="0" tests="1" name="day5.FileUploadAndDownload" time="4.215" errors="0" timestamp="2024-10-09T14:58:03 IST" skipped="0">
  <testcase classname="day5.FileUploadAndDownload" name="singleFileUpload" time="4.215"/>
</testsuite> <!-- day5.FileUploadAndDownload -->
