<?xml version="1.0" encoding="UTF-8"?>
<!-- Generated by org.testng.reporters.JUnitReportReporter -->
<testsuite hostname="DESKTOP-5KB58OA" failures="0" tests="1" name="day4.ParsingJSONResponseData" time="23.930" errors="0" timestamp="2024-10-08T22:38:46 IST" skipped="0">
  <testcase classname="day4.ParsingJSONResponseData" name="testJsonResponseBodyData" time="23.930"/>
</testsuite> <!-- day4.ParsingJSONResponseData -->
