<?xml version="1.0" encoding="UTF-8"?>
<!-- Generated by org.testng.reporters.JUnitReportReporter -->
<testsuite hostname="DESKTOP-5KB58OA" failures="0" tests="1" name="day3.LoggingDemo" time="4.790" errors="0" timestamp="2024-10-08T21:11:43 IST" skipped="0">
  <testcase classname="day3.LoggingDemo" name="testLogs" time="4.790"/>
</testsuite> <!-- day3.LoggingDemo -->
