<?xml version="1.0" encoding="UTF-8"?>
<!-- Generated by org.testng.reporters.JUnitReportReporter -->
<testsuite hostname="DESKTOP-5KB58OA" failures="0" tests="1" name="day6.XMLSchemaValidation" time="3.572" errors="0" timestamp="2024-10-09T18:08:15 IST" skipped="0">
  <testcase classname="day6.XMLSchemaValidation" name="xmlSchemaValidation" time="3.572"/>
</testsuite> <!-- day6.XMLSchemaValidation -->
