<?xml version="1.0" encoding="UTF-8"?>
<!-- Generated by org.testng.reporters.JUnitReportReporter -->
<testsuite hostname="DESKTOP-5KB58OA" failures="0" tests="1" name="day3.HeadersDemo" time="2.573" errors="0" timestamp="2024-10-08T20:34:30 IST" skipped="0">
  <testcase classname="day3.HeadersDemo" name="getHeaders" time="2.573"/>
</testsuite> <!-- day3.HeadersDemo -->
